<?xml version="1.0" encoding="UTF-8"?>
<testsuite xmlns:xsi="http://www.w3.org/2001/XMLSchema-instance" xsi:noNamespaceSchemaLocation="https://maven.apache.org/surefire/maven-surefire-plugin/xsd/surefire-test-report-3.0.xsd" version="3.0" name="com.gong.kuaidi100.serviceImpl.Kuaidi100ServiceImplTest" time="1.496" tests="1" errors="0" skipped="0" failures="0">
  <properties>
[...]
</properties>
  <testcase name="queryTrack" classname="com.gong.kuaidi100.serviceImpl.Kuaidi100ServiceImplTest" time="1.485">
    <system-out><![CDATA[2023-08-26T19:06:08.065+08:00  INFO 24572 --- [           main] t.c.s.AnnotationConfigContextLoaderUtils : Could not detect default configuration classes for test class [com.gong.kuaidi100.serviceImpl.Kuaidi100ServiceImplTest]: Kuaidi100ServiceImplTest does not declare any static, non-private, non-final, nested classes annotated with @Configuration.
2023-08-26T19:06:08.068+08:00  INFO 24572 --- [           main] .b.t.c.SpringBootTestContextBootstrapper : Found @SpringBootConfiguration com.gong.kuaidi100.Kuaidi100Application for test class com.gong.kuaidi100.serviceImpl.Kuaidi100ServiceImplTest
{"message":"ok","nu":"JD0112189109946","ischeck":"1","condition":"F00","com":"jd","status":"200","state":"3","data":[{"time":"2023-07-26 11:10:14","ftime":"2023-07-26 11:10:14","context":"[呼市东站营业部]您的快件已由本人签收，感谢您使用京东物流，期待再次为您服务"},{"time":"2023-07-26 07:55:00","ftime":"2023-07-26 07:55:00","context":"[呼市东站营业部]您的快件正在派送中，请您准备签收（快递员：侯国贞，联系电话：15335560683）。"},{"time":"2023-07-26 07:11:01","ftime":"2023-07-26 07:11:01","context":"[呼市东站营业部]您的快件已到达【呼市东站营业部】"},{"time":"2023-07-26 07:11:00","ftime":"2023-07-26 07:11:00","context":"[呼市东站营业部]您的快件在【呼市东站营业部】收货完成"},{"time":"2023-07-26 05:17:41","ftime":"2023-07-26 05:17:41","context":"[呼和浩特分拣中心]您的快件已发车"},{"time":"2023-07-25 21:06:26","ftime":"2023-07-25 21:06:26","context":"[呼和浩特分拣中心]您的快件由【呼和浩特分拣中心】准备发往【呼市东站营业部】"},{"time":"2023-07-25 21:06:21","ftime":"2023-07-25 21:06:21","context":"[呼和浩特分拣中心]您的快件在【呼和浩特分拣中心】分拣完成"},{"time":"2023-07-25 20:56:44","ftime":"2023-07-25 20:56:44","context":"[呼和浩特分拣中心]您的快件已到达【呼和浩特分拣中心】"}]}
]]></system-out>
  </testcase>
</testsuite>