<?xml version="1.0" encoding="UTF-8"?>
<testsuite xmlns:xsi="http://www.w3.org/2001/XMLSchema-instance" xsi:noNamespaceSchemaLocation="https://maven.apache.org/surefire/maven-surefire-plugin/xsd/surefire-test-report-3.0.xsd" version="3.0" name="com.gong.qweather.serviceImpl.QWeatherCityServiceImplTest" time="1.48" tests="2" errors="0" skipped="0" failures="0">
  <properties>
[...]
</properties>
  <testcase name="testGetCityInfo" classname="com.gong.qweather.serviceImpl.QWeatherCityServiceImplTest" time="1.426">
    <system-out><![CDATA[2023-08-26T19:06:16.510+08:00  INFO 15780 --- [           main] t.c.s.AnnotationConfigContextLoaderUtils : Could not detect default configuration classes for test class [com.gong.qweather.serviceImpl.QWeatherCityServiceImplTest]: QWeatherCityServiceImplTest does not declare any static, non-private, non-final, nested classes annotated with @Configuration.
2023-08-26T19:06:16.514+08:00  INFO 15780 --- [           main] .b.t.c.SpringBootTestContextBootstrapper : Found @SpringBootConfiguration com.gong.qweather.GongWeatherApplication for test class com.gong.qweather.serviceImpl.QWeatherCityServiceImplTest
2023-08-26T19:06:16.519+08:00  INFO 15780 --- [           main] c.g.q.s.QWeatherCityServiceImpl          : qweather city request url : https://geoapi.qweather.com/v2/city/lookup?location=北京&key=1670ec93ade64d46a35bff01b3808b20
2023-08-26T19:06:17.887+08:00  INFO 15780 --- [           main] c.g.q.s.QWeatherCityServiceImpl          : qweather city response : {"code":"200","location":[{"name":"北京","id":"101010100","lat":"39.90499","lon":"116.40529","adm2":"北京","adm1":"北京市","country":"中国","tz":"Asia/Shanghai","utcOffset":"+08:00","isDst":"0","type":"city","rank":"10","fxLink":"https://www.qweather.com/weather/beijing-101010100.html"},{"name":"海淀","id":"101010200","lat":"39.95607","lon":"116.31032","adm2":"北京","adm1":"北京市","country":"中国","tz":"Asia/Shanghai","utcOffset":"+08:00","isDst":"0","type":"city","rank":"15","fxLink":"https://www.qweather.com/weather/haidian-101010200.html"},{"name":"朝阳","id":"101010300","lat":"39.92149","lon":"116.48641","adm2":"北京","adm1":"北京市","country":"中国","tz":"Asia/Shanghai","utcOffset":"+08:00","isDst":"0","type":"city","rank":"15","fxLink":"https://www.qweather.com/weather/chaoyang-101010300.html"},{"name":"昌平","id":"101010700","lat":"40.21809","lon":"116.23591","adm2":"北京","adm1":"北京市","country":"中国","tz":"Asia/Shanghai","utcOffset":"+08:00","isDst":"0","type":"city","rank":"23","fxLink":"https://www.qweather.com/weather/changping-101010700.html"},{"name":"房山","id":"101011200","lat":"39.73554","lon":"116.13916","adm2":"北京","adm1":"北京市","country":"中国","tz":"Asia/Shanghai","utcOffset":"+08:00","isDst":"0","type":"city","rank":"23","fxLink":"https://www.qweather.com/weather/fangshan-101011200.html"},{"name":"通州","id":"101010600","lat":"39.90249","lon":"116.65860","adm2":"北京","adm1":"北京市","country":"中国","tz":"Asia/Shanghai","utcOffset":"+08:00","isDst":"0","type":"city","rank":"23","fxLink":"https://www.qweather.com/weather/tongzhou-101010600.html"},{"name":"丰台","id":"101010900","lat":"39.86364","lon":"116.28696","adm2":"北京","adm1":"北京市","country":"中国","tz":"Asia/Shanghai","utcOffset":"+08:00","isDst":"0","type":"city","rank":"25","fxLink":"https://www.qweather.com/weather/fengtai-101010900.html"},{"name":"大兴","id":"101011100","lat":"39.72891","lon":"116.33804","adm2":"北京","adm1":"北京市","country":"中国","tz":"Asia/Shanghai","utcOffset":"+08:00","isDst":"0","type":"city","rank":"25","fxLink":"https://www.qweather.com/weather/daxing-101011100.html"},{"name":"延庆","id":"101010800","lat":"40.46532","lon":"115.98501","adm2":"北京","adm1":"北京市","country":"中国","tz":"Asia/Shanghai","utcOffset":"+08:00","isDst":"0","type":"city","rank":"33","fxLink":"https://www.qweather.com/weather/yanqing-101010800.html"},{"name":"平谷","id":"101011500","lat":"40.14478","lon":"117.11234","adm2":"北京","adm1":"北京市","country":"中国","tz":"Asia/Shanghai","utcOffset":"+08:00","isDst":"0","type":"city","rank":"33","fxLink":"https://www.qweather.com/weather/pinggu-101011500.html"}],"refer":{"sources":["QWeather"],"license":["QWeather Developers License"]}}
com.gong.qweather.entity.LocationResponse@8e99809
]]></system-out>
  </testcase>
  <testcase name="getCityInfo" classname="com.gong.qweather.serviceImpl.QWeatherCityServiceImplTest" time="0.039">
    <system-out><![CDATA[2023-08-26T19:06:17.945+08:00  INFO 15780 --- [           main] c.g.q.s.QWeatherCityServiceImpl          : qweather city request url : https://geoapi.qweather.com/v2/city/lookup?location=呼和浩特&key=1670ec93ade64d46a35bff01b3808b20
2023-08-26T19:06:17.981+08:00  INFO 15780 --- [           main] c.g.q.s.QWeatherCityServiceImpl          : qweather city response : {"code":"200","location":[{"name":"呼和浩特","id":"101080101","lat":"40.84213","lon":"111.74881","adm2":"呼和浩特","adm1":"内蒙古自治区","country":"中国","tz":"Asia/Shanghai","utcOffset":"+08:00","isDst":"0","type":"city","rank":"21","fxLink":"https://www.qweather.com/weather/hohhot-101080101.html"},{"name":"土左旗","id":"101080102","lat":"40.72904","lon":"111.16373","adm2":"呼和浩特","adm1":"内蒙古自治区","country":"中国","tz":"Asia/Shanghai","utcOffset":"+08:00","isDst":"0","type":"city","rank":"35","fxLink":"https://www.qweather.com/weather/tumed-left-banner-101080102.html"},{"name":"新城","id":"101080108","lat":"40.82623","lon":"111.68597","adm2":"呼和浩特","adm1":"内蒙古自治区","country":"中国","tz":"Asia/Shanghai","utcOffset":"+08:00","isDst":"0","type":"city","rank":"35","fxLink":"https://www.qweather.com/weather/xincheng-101080108.html"},{"name":"赛罕","id":"101080106","lat":"40.80784","lon":"111.69846","adm2":"呼和浩特","adm1":"内蒙古自治区","country":"中国","tz":"Asia/Shanghai","utcOffset":"+08:00","isDst":"0","type":"city","rank":"35","fxLink":"https://www.qweather.com/weather/saihan-101080106.html"},{"name":"回民","id":"101080109","lat":"40.81515","lon":"111.66216","adm2":"呼和浩特","adm1":"内蒙古自治区","country":"中国","tz":"Asia/Shanghai","utcOffset":"+08:00","isDst":"0","type":"city","rank":"35","fxLink":"https://www.qweather.com/weather/huimin-101080109.html"},{"name":"玉泉","id":"101080110","lat":"40.75305","lon":"111.67416","adm2":"呼和浩特","adm1":"内蒙古自治区","country":"中国","tz":"Asia/Shanghai","utcOffset":"+08:00","isDst":"0","type":"city","rank":"35","fxLink":"https://www.qweather.com/weather/yuquan-101080110.html"},{"name":"清水河","id":"101080105","lat":"39.91248","lon":"111.67222","adm2":"呼和浩特","adm1":"内蒙古自治区","country":"中国","tz":"Asia/Shanghai","utcOffset":"+08:00","isDst":"0","type":"city","rank":"43","fxLink":"https://www.qweather.com/weather/qingshuihe-101080105.html"},{"name":"托克托","id":"101080103","lat":"40.27770","lon":"111.19388","adm2":"呼和浩特","adm1":"内蒙古自治区","country":"中国","tz":"Asia/Shanghai","utcOffset":"+08:00","isDst":"0","type":"city","rank":"43","fxLink":"https://www.qweather.com/weather/togtoh-101080103.html"},{"name":"和林","id":"101080104","lat":"40.38029","lon":"111.82414","adm2":"呼和浩特","adm1":"内蒙古自治区","country":"中国","tz":"Asia/Shanghai","utcOffset":"+08:00","isDst":"0","type":"city","rank":"43","fxLink":"https://www.qweather.com/weather/horinger-101080104.html"},{"name":"武川","id":"101080107","lat":"41.09448","lon":"111.45657","adm2":"呼和浩特","adm1":"内蒙古自治区","country":"中国","tz":"Asia/Shanghai","utcOffset":"+08:00","isDst":"0","type":"city","rank":"45","fxLink":"https://www.qweather.com/weather/wuchuan-101080107.html"}],"refer":{"sources":["QWeather"],"license":["QWeather Developers License"]}}
com.gong.qweather.entity.LocationResponse@48bc2fce
]]></system-out>
  </testcase>
</testsuite>