<?xml version="1.0" encoding="UTF-8"?>
<testsuite xmlns:xsi="http://www.w3.org/2001/XMLSchema-instance" xsi:noNamespaceSchemaLocation="https://maven.apache.org/surefire/maven-surefire-plugin/xsd/surefire-test-report-3.0.xsd" version="3.0" name="com.gong.tianapi.GongTianapiApplicationTests" time="1.672" tests="1" errors="0" skipped="0" failures="0">
  <properties>
[...]
</properties>
  <testcase name="contextLoads" classname="com.gong.tianapi.GongTianapiApplicationTests" time="0.618">
    <system-out><![CDATA[19:06:24.941 [main] INFO org.springframework.test.context.support.AnnotationConfigContextLoaderUtils -- Could not detect default configuration classes for test class [com.gong.tianapi.GongTianapiApplicationTests]: GongTianapiApplicationTests does not declare any static, non-private, non-final, nested classes annotated with @Configuration.
19:06:25.013 [main] INFO org.springframework.boot.test.context.SpringBootTestContextBootstrapper -- Found @SpringBootConfiguration com.gong.tianapi.GongTianapiApplication for test class com.gong.tianapi.GongTianapiApplicationTests

  .   ____          _            __ _ _
 /\\ / ___'_ __ _ _(_)_ __  __ _ \ \ \ \
( ( )\___ | '_ | '_| | '_ \/ _` | \ \ \ \
 \\/  ___)| |_)| | | | | || (_| |  ) ) ) )
  '  |____| .__|_| |_|_| |_\__, | / / / /
 =========|_|==============|___/=/_/_/_/
 :: Spring Boot ::                (v3.1.3)

2023-08-26T19:06:25.347+08:00  INFO 26092 --- [           main] c.g.tianapi.GongTianapiApplicationTests  : Starting GongTianapiApplicationTests using Java 17.0.8 with PID 26092 (started by 15847 in D:\project\Java-Framework\gong-tianapi)
2023-08-26T19:06:25.349+08:00  INFO 26092 --- [           main] c.g.tianapi.GongTianapiApplicationTests  : No active profile set, falling back to 1 default profile: "default"
2023-08-26T19:06:25.869+08:00  INFO 26092 --- [           main] c.g.tianapi.GongTianapiApplicationTests  : Started GongTianapiApplicationTests in 0.746 seconds (process running for 1.397)
]]></system-out>
  </testcase>
</testsuite>