<?xml version="1.0" encoding="UTF-8"?>
<testsuite xmlns:xsi="http://www.w3.org/2001/XMLSchema-instance" xsi:noNamespaceSchemaLocation="https://maven.apache.org/surefire/maven-surefire-plugin/xsd/surefire-test-report-3.0.xsd" version="3.0" name="com.gong.hitokoto.serviceImpl.HitokotoServiceImplTest" time="0.246" tests="1" errors="0" skipped="0" failures="0">
  <properties>
[...]
</properties>
  <testcase name="getHitokotoInfo" classname="com.gong.hitokoto.serviceImpl.HitokotoServiceImplTest" time="0.237">
    <system-out><![CDATA[2023-08-26T19:06:12.596+08:00  INFO 22580 --- [           main] t.c.s.AnnotationConfigContextLoaderUtils : Could not detect default configuration classes for test class [com.gong.hitokoto.serviceImpl.HitokotoServiceImplTest]: HitokotoServiceImplTest does not declare any static, non-private, non-final, nested classes annotated with @Configuration.
2023-08-26T19:06:12.599+08:00  INFO 22580 --- [           main] .b.t.c.SpringBootTestContextBootstrapper : Found @SpringBootConfiguration com.gong.hitokoto.GongHitokotoApplication for test class com.gong.hitokoto.serviceImpl.HitokotoServiceImplTest
2023-08-26T19:06:12.606+08:00  INFO 22580 --- [           main] c.g.h.serviceImpl.HitokotoServiceImpl    : hirohito request url : https://v1.hitokoto.cn?&c=a&encode=json&charset=utf-8&min_length=0&max_length=30
2023-08-26T19:06:12.796+08:00  INFO 22580 --- [           main] c.g.h.serviceImpl.HitokotoServiceImpl    : hirohito response : {"id":6948,"uuid":"33b9d04d-e116-443e-b688-8243ac4eb350","hitokoto":"齿轮也有齿轮的志气！","type":"a","from":"机动战士高达独角兽","from_who":"联邦军队长","creator":"smallxu","creator_uid":2639,"reviewer":1044,"commit_from":"web","created_at":"1611229927","length":10}
com.gong.hitokoto.entity.HirohitoResponse@284bdeed
]]></system-out>
  </testcase>
</testsuite>